#
# A fatal error has been detected by the Java Runtime Environment:
#
#  EXCEPTION_ACCESS_VIOLATION (0xc0000005) at pc=0x00000000723650db, pid=704, tid=3480
#
# JRE version: 7.0_03-b05
# Java VM: Java HotSpot(TM) 64-Bit Server VM (22.1-b02 mixed mode windows-amd64 compressed oops)
# Problematic frame:
# V  [jvm.dll+0x1150db]
#
# Failed to write core dump. Minidumps are not enabled by default on client versions of Windows
#
# If you would like to submit a bug report, please visit:
#   http://bugreport.sun.com/bugreport/crash.jsp
#

---------------  T H R E A D  ---------------

Current thread (0x000000000694f800):  JavaThread "JDWP Transport Listener: dt_socket" daemon [_thread_in_vm, id=3480, stack(0x0000000008070000,0x0000000008170000)]

siginfo: ExceptionCode=0xc0000005, reading address 0xffffffffffffffff

Registers:
RAX=0x000000000816f101, RBX=0x000000000694f800, RCX=0x06003b736f666172, RDX=0x000000000694f800
RSP=0x000000000816f160, RBP=0x06003b736f666172, RSI=0x000000000816f278, RDI=0x0000000001dd8940
R8 =0x000000000816f278, R9 =0x00000cf004b503c5, R10=0x0000000000000000, R11=0x000000000816f3fc
R12=0x0000000000000000, R13=0x0000000000000000, R14=0x0000000000000000, R15=0x0000000000000000
RIP=0x00000000723650db, EFLAGS=0x0000000000010206

Top of Stack: (sp=0x000000000816f160)
0x000000000816f160:   000000000694f800 0000000001ce2340
0x000000000816f170:   000000000816f228 00000000724dd259
0x000000000816f180:   000000000694f800 00000000724f8c22
0x000000000816f190:   0000000000000000 000000000694f800
0x000000000816f1a0:   0000000008fbc418 000000006823264e
0x000000000816f1b0:   000000000694f800 0000000000000000
0x000000000816f1c0:   0000000000000000 0000000000000000
0x000000000816f1d0:   06003b736f666172 0000000068231745
0x000000000816f1e0:   000000000816f278 000000000816f250
0x000000000816f1f0:   0000000000000001 0000000008fbc418
0x000000000816f200:   06003b736f666172 00000000682153b3
0x000000000816f210:   000000000816f340 0000000000000001
0x000000000816f220:   0000000000000001 0000000008fbc418
0x000000000816f230:   000000000000000a 0000000000000000
0x000000000816f240:   0000000000000000 0000000000000000
0x000000000816f250:   0000000000000001 0000000068215571 

Instructions: (pc=0x00000000723650db)
0x00000000723650bb:   48 8b 5c 24 30 48 89 47 18 48 83 c4 20 5f c3 cc
0x00000000723650cb:   cc cc cc cc cc 40 53 48 83 ec 20 48 85 c9 74 54
0x00000000723650db:   48 8b 19 48 85 db 74 4c 48 b8 fe fe fe fe fe fe
0x00000000723650eb:   fe fe 48 3b d8 74 3d 80 3d 8f 82 55 00 00 74 15 


Register to memory mapping:

RAX=0x000000000816f101 is pointing into the stack for thread: 0x000000000694f800
RBX=0x000000000694f800 is a thread
RCX=0x06003b736f666172 is an unknown value
RDX=0x000000000694f800 is a thread
RSP=0x000000000816f160 is pointing into the stack for thread: 0x000000000694f800
RBP=0x06003b736f666172 is an unknown value
RSI=0x000000000816f278 is pointing into the stack for thread: 0x000000000694f800
RDI=0x0000000001dd8940 is an unknown value
R8 =0x000000000816f278 is pointing into the stack for thread: 0x000000000694f800
R9 =0x00000cf004b503c5 is an unknown value
R10=0x0000000000000000 is an unknown value
R11=0x000000000816f3fc is pointing into the stack for thread: 0x000000000694f800
R12=0x0000000000000000 is an unknown value
R13=0x0000000000000000 is an unknown value
R14=0x0000000000000000 is an unknown value
R15=0x0000000000000000 is an unknown value


Stack: [0x0000000008070000,0x0000000008170000],  sp=0x000000000816f160,  free space=1020k
Native frames: (J=compiled Java code, j=interpreted, Vv=VM code, C=native code)
V  [jvm.dll+0x1150db]


---------------  P R O C E S S  ---------------

Java Threads: ( => current thread )
  0x0000000006971800 JavaThread "Service Thread" daemon [_thread_blocked, id=688, stack(0x00000000087e0000,0x00000000088e0000)]
  0x0000000006970800 JavaThread "C2 CompilerThread1" daemon [_thread_blocked, id=4904, stack(0x0000000008650000,0x0000000008750000)]
  0x000000000696f000 JavaThread "C2 CompilerThread0" daemon [_thread_blocked, id=5988, stack(0x0000000008260000,0x0000000008360000)]
  0x0000000006961000 JavaThread "JDWP Command Reader" daemon [_thread_in_native, id=5992, stack(0x00000000083c0000,0x00000000084c0000)]
  0x000000000695e000 JavaThread "JDWP Event Helper Thread" daemon [_thread_blocked, id=6116, stack(0x0000000007ed0000,0x0000000007fd0000)]
=>0x000000000694f800 JavaThread "JDWP Transport Listener: dt_socket" daemon [_thread_in_vm, id=3480, stack(0x0000000008070000,0x0000000008170000)]
  0x0000000006949000 JavaThread "Attach Listener" daemon [_thread_blocked, id=1736, stack(0x0000000007960000,0x0000000007a60000)]
  0x0000000006948800 JavaThread "Signal Dispatcher" daemon [_thread_blocked, id=4416, stack(0x00000000076c0000,0x00000000077c0000)]
  0x00000000068c6000 JavaThread "Finalizer" daemon [_thread_blocked, id=5624, stack(0x0000000007310000,0x0000000007410000)]
  0x00000000068be000 JavaThread "Reference Handler" daemon [_thread_blocked, id=3512, stack(0x0000000007560000,0x0000000007660000)]
  0x0000000001ddd800 JavaThread "main" [_thread_blocked, id=2544, stack(0x0000000002380000,0x0000000002480000)]

Other Threads:
  0x00000000068b2800 VMThread [stack: 0x0000000007440000,0x0000000007540000] [id=1552]
  0x00000000069ae800 WatcherThread [stack: 0x0000000008a10000,0x0000000008b10000] [id=152]

VM state:not at safepoint (normal execution)

VM Mutex/Monitor currently owned by a thread: None

Heap
 PSYoungGen      total 38208K, used 8993K [0x00000007d5600000, 0x00000007d80a0000, 0x0000000800000000)
  eden space 32768K, 10% used [0x00000007d5600000,0x00000007d59806c8,0x00000007d7600000)
  from space 5440K, 99% used [0x00000007d7600000,0x00000007d7b48008,0x00000007d7b50000)
  to   space 5440K, 0% used [0x00000007d7b50000,0x00000007d7b50000,0x00000007d80a0000)
 PSOldGen        total 87296K, used 1103K [0x0000000780200000, 0x0000000785740000, 0x00000007d5600000)
  object space 87296K, 1% used [0x0000000780200000,0x0000000780313db8,0x0000000785740000)
 PSPermGen       total 21248K, used 10107K [0x000000077b000000, 0x000000077c4c0000, 0x0000000780200000)
  object space 21248K, 47% used [0x000000077b000000,0x000000077b9dece8,0x000000077c4c0000)

Code Cache  [0x0000000002480000, 0x00000000026f0000, 0x0000000005480000)
 total_blobs=443 nmethods=163 adapters=240 free_code_cache=48292Kb largest_free_block=49424256

Dynamic libraries:
0x000000013fb30000 - 0x000000013fb63000 	C:\Program Files\Java\jre7\bin\javaw.exe
0x0000000077c10000 - 0x0000000077db9000 	C:\Windows\SYSTEM32\ntdll.dll
0x00000000779f0000 - 0x0000000077b0f000 	C:\Windows\system32\kernel32.dll
0x000007fefddc0000 - 0x000007fefde2c000 	C:\Windows\system32\KERNELBASE.dll
0x000007fefeea0000 - 0x000007fefef7b000 	C:\Windows\system32\ADVAPI32.dll
0x000007feffd10000 - 0x000007feffdaf000 	C:\Windows\system32\msvcrt.dll
0x000007fefee80000 - 0x000007fefee9f000 	C:\Windows\SYSTEM32\sechost.dll
0x000007fefe980000 - 0x000007fefeaad000 	C:\Windows\system32\RPCRT4.dll
0x0000000077b10000 - 0x0000000077c0a000 	C:\Windows\system32\USER32.dll
0x000007fefe510000 - 0x000007fefe577000 	C:\Windows\system32\GDI32.dll
0x000007fefecf0000 - 0x000007fefecfe000 	C:\Windows\system32\LPK.dll
0x000007fefe1e0000 - 0x000007fefe2a9000 	C:\Windows\system32\USP10.dll
0x000007fefc4d0000 - 0x000007fefc6c4000 	C:\Windows\WinSxS\amd64_microsoft.windows.common-controls_6595b64144ccf1df_6.0.7601.17514_none_fa396087175ac9ac\COMCTL32.dll
0x000007fefe0e0000 - 0x000007fefe151000 	C:\Windows\system32\SHLWAPI.dll
0x000007fefe0b0000 - 0x000007fefe0de000 	C:\Windows\system32\IMM32.DLL
0x000007feffdb0000 - 0x000007feffeb9000 	C:\Windows\system32\MSCTF.dll
0x0000000074a80000 - 0x0000000074b51000 	C:\Program Files\Java\jre7\bin\msvcr100.dll
0x0000000072250000 - 0x000000007292a000 	C:\Program Files\Java\jre7\bin\server\jvm.dll
0x000007fef7d70000 - 0x000007fef7d79000 	C:\Windows\system32\WSOCK32.dll
0x000007fefeb50000 - 0x000007fefeb9d000 	C:\Windows\system32\WS2_32.dll
0x000007fefe760000 - 0x000007fefe768000 	C:\Windows\system32\NSI.dll
0x000007fefaad0000 - 0x000007fefab0b000 	C:\Windows\system32\WINMM.dll
0x0000000077dd0000 - 0x0000000077dd7000 	C:\Windows\system32\PSAPI.DLL
0x0000000075160000 - 0x000000007516f000 	C:\Program Files\Java\jre7\bin\verify.dll
0x0000000075130000 - 0x0000000075158000 	C:\Program Files\Java\jre7\bin\java.dll
0x0000000068210000 - 0x0000000068245000 	C:\Program Files\Java\jre7\bin\jdwp.dll
0x00000000750d0000 - 0x00000000750d8000 	C:\Program Files\Java\jre7\bin\npt.dll
0x0000000075110000 - 0x0000000075125000 	C:\Program Files\Java\jre7\bin\zip.dll
0x00000000750c0000 - 0x00000000750c9000 	C:\Program Files\Java\jre7\bin\dt_socket.dll
0x000007fefaab0000 - 0x000007fefaac5000 	C:\Windows\system32\NLAapi.dll
0x000007fef85d0000 - 0x000007fef85e5000 	C:\Windows\system32\napinsp.dll
0x000007fef85a0000 - 0x000007fef85b9000 	C:\Windows\system32\pnrpnsp.dll
0x000007fef97d0000 - 0x000007fef97fe000 	C:\Program Files\Common Files\Microsoft Shared\Windows Live\WLIDNSP.DLL
0x000007fefd3d0000 - 0x000007fefd425000 	C:\Windows\System32\mswsock.dll
0x000007fefd250000 - 0x000007fefd2ab000 	C:\Windows\system32\DNSAPI.dll
0x000007fef8570000 - 0x000007fef857b000 	C:\Windows\System32\winrnr.dll
0x000007fefa580000 - 0x000007fefa5a7000 	C:\Windows\system32\IPHLPAPI.DLL
0x000007fefa560000 - 0x000007fefa56b000 	C:\Windows\system32\WINNSI.DLL
0x000007fefa210000 - 0x000007fefa263000 	C:\Windows\System32\fwpuclnt.dll
0x000007fefa190000 - 0x000007fefa198000 	C:\Windows\system32\rasadhlp.dll
0x000007fefcd40000 - 0x000007fefcd47000 	C:\Windows\System32\wshtcpip.dll
0x0000000075090000 - 0x00000000750a9000 	C:\Program Files\Java\jre7\bin\net.dll
0x000007fefd3c0000 - 0x000007fefd3c7000 	C:\Windows\System32\wship6.dll
0x0000000075070000 - 0x0000000075081000 	C:\Program Files\Java\jre7\bin\nio.dll

VM Arguments:
jvm_args: -agentlib:jdwp=transport=dt_socket,suspend=y,address=localhost:51208 -Dfile.encoding=Cp1252 
java_command: test.TesterATLTrafos
Launcher Type: SUN_STANDARD

Environment Variables:
CLASSPATH=.;C:\Program Files (x86)\Java\jre6\lib\ext\QTJava.zip
PATH=C:\Program Files (x86)\MiKTeX 2.8\miktex\bin;C:\Program Files\Common Files\Microsoft Shared\Windows Live;C:\Program Files (x86)\Common Files\Microsoft Shared\Windows Live;C:\Windows\system32;C:\Windows;C:\Windows\System32\Wbem;C:\Windows\System32\WindowsPowerShell\v1.0\;C:\Program Files (x86)\MaudeFW\cygwin\bin;C:\Program Files (x86)\Java\jre6\bin;c:\Program Files (x86)\Microsoft SQL Server\100\Tools\Binn\;c:\Program Files\Microsoft SQL Server\100\Tools\Binn\;c:\Program Files\Microsoft SQL Server\100\DTS\Binn\;C:\Program Files (x86)\QuickTime\QTSystem\;C:\Program Files (x86)\Windows Live\Shared;C:\Program Files\MATLAB\R2008b\bin;C:\Program Files\MATLAB\R2008b\bin\win64;C:\Program Files\MATLAB\R2008a\bin;C:\Program Files\MATLAB\R2008a\bin\win64;C:\Program Files\TortoiseSVN\bin;C:\Program Files (x86)\Common Files\Adobe\AGL;C:\Program Files\Microsoft\Web Platform Installer\;C:\Program Files (x86)\Microsoft ASP.NET\ASP.NET Web Pages\v1.0\;C:\Program Files (x86)\Windows Kits\8.0\Windows Performance Toolkit\;C:\Program Files\Microsoft SQL Server\110\Tools\Binn\
USERNAME=Atenea
OS=Windows_NT
PROCESSOR_IDENTIFIER=Intel64 Family 6 Model 26 Stepping 5, GenuineIntel



---------------  S Y S T E M  ---------------

OS: Windows 7 , 64 bit Build 7601 Service Pack 1

CPU:total 8 (4 cores per cpu, 2 threads per core) family 6 model 26 stepping 5, cmov, cx8, fxsr, mmx, sse, sse2, sse3, ssse3, sse4.1, sse4.2, popcnt, ht

Memory: 4k page, physical 8378488k(4802996k free), swap 16755124k(12263684k free)

vm_info: Java HotSpot(TM) 64-Bit Server VM (22.1-b02) for windows-amd64 JRE (1.7.0_03-b05), built on Feb  3 2012 20:43:56 by "java_re" with unknown MS VC++:1600

time: Wed Oct 31 12:53:59 2012
elapsed time: 147 seconds

